<?xml version="1.0" encoding="UTF-8"?>
<testng-results total="1" passed="1" failed="0" skipped="0">
  <reporter-output>
  </reporter-output>
  <suite started-at="2022-08-21T16:16:58Z" name="Suite" finished-at="2022-08-21T16:17:10Z" duration-ms="11979">
    <groups>
    </groups>
    <test started-at="2022-08-21T16:16:58Z" name="Test" finished-at="2022-08-21T16:17:10Z" duration-ms="11979">
      <class name="JenkinsTest.NewTest">
        <test-method is-config="true" signature="beforeTest()[pri:0, instance:JenkinsTest.NewTest@4dc27487]" started-at="2022-08-21T23:16:58Z" name="beforeTest" finished-at="2022-08-21T23:17:03Z" duration-ms="4908" status="PASS">
          <reporter-output>
          </reporter-output>
        </test-method> <!-- beforeTest -->
        <test-method signature="testEasy()[pri:0, instance:JenkinsTest.NewTest@4dc27487]" started-at="2022-08-21T23:17:03Z" name="testEasy" finished-at="2022-08-21T23:17:10Z" duration-ms="6771" status="PASS">
          <reporter-output>
          </reporter-output>
        </test-method> <!-- testEasy -->
        <test-method is-config="true" signature="afterTest()[pri:0, instance:JenkinsTest.NewTest@4dc27487]" started-at="2022-08-21T23:17:10Z" name="afterTest" finished-at="2022-08-21T23:17:10Z" duration-ms="284" status="PASS">
          <reporter-output>
          </reporter-output>
        </test-method> <!-- afterTest -->
      </class> <!-- JenkinsTest.NewTest -->
    </test> <!-- Test -->
  </suite> <!-- Suite -->
</testng-results>
