<?xml version="1.0" encoding="UTF-8"?>
<testng-results total="1" passed="1" failed="0" skipped="0">
  <reporter-output>
  </reporter-output>
  <suite started-at="2022-08-22T04:06:41Z" name="Suite" finished-at="2022-08-22T04:06:45Z" duration-ms="3835">
    <groups>
    </groups>
    <test started-at="2022-08-22T04:06:41Z" name="Test" finished-at="2022-08-22T04:06:45Z" duration-ms="3835">
      <class name="JenkinsTest.NewTest">
        <test-method is-config="true" signature="beforeTest()[pri:0, instance:JenkinsTest.NewTest@14bdbc74]" started-at="2022-08-22T11:06:41Z" name="beforeTest" finished-at="2022-08-22T11:06:44Z" duration-ms="2652" status="PASS">
          <reporter-output>
          </reporter-output>
        </test-method> <!-- beforeTest -->
        <test-method signature="testEasy()[pri:0, instance:JenkinsTest.NewTest@14bdbc74]" started-at="2022-08-22T11:06:44Z" name="testEasy" finished-at="2022-08-22T11:06:45Z" duration-ms="952" status="PASS">
          <reporter-output>
          </reporter-output>
        </test-method> <!-- testEasy -->
        <test-method is-config="true" signature="afterTest()[pri:0, instance:JenkinsTest.NewTest@14bdbc74]" started-at="2022-08-22T11:06:45Z" name="afterTest" finished-at="2022-08-22T11:06:45Z" duration-ms="212" status="PASS">
          <reporter-output>
          </reporter-output>
        </test-method> <!-- afterTest -->
      </class> <!-- JenkinsTest.NewTest -->
    </test> <!-- Test -->
  </suite> <!-- Suite -->
</testng-results>
